20:05:54 **** Incremental Build of configuration Debug for project DIO ****
make all 
Building file: ../main.c
Invoking: AVR Compiler
avr-gcc -Wall -g2 -gstabs -O0 -fpack-struct -fshort-enums -ffunction-sections -fdata-sections -std=gnu99 -funsigned-char -funsigned-bitfields -mmcu=atmega32 -DF_CPU=16000000UL -MMD -MP -MF"main.d" -MT"main.o" -c -o "main.o" "../main.c"
In file included from ../main.c:1:
c:/users/abdo/downloads/drive-download-20210929t192809z-001/sdk_win_64/sdk_win_64/sdk_win_64/winavr/lib/gcc/../../avr/include/util/delay.h:90:3: warning: #warning "Compiler optimizations disabled; functions from <util/delay.h> won't work as designed"
../main.c:76: warning: return type of 'main' is not 'int'
Finished building: ../main.c
 
Building target: DIO.elf
Invoking: AVR C Linker
avr-gcc -Wl,-Map,DIO.map -mmcu=atmega32 -o "DIO.elf"  ./ADC_prog.o ./CLCD_prog.o ./DIO_prog.o ./EXTI_prog.o ./GIE_prog.o ./KPD_prog.o ./LED_prog.o ./PORT_prog.o ./SPI_prog.o ./SSD_prog.o ./Switch_prog.o ./TIMER_prog.o ./TWI_prog.o ./UART_prog.o ./main.o   
Finished building target: DIO.elf
 
Invoking: AVR Create Extended Listing
avr-objdump -h -S DIO.elf  >"DIO.lss"
Finished building: DIO.lss
 
Create Flash image (ihex format)
avr-objcopy -R .eeprom -R .fuse -R .lock -R .signature -O ihex DIO.elf  "DIO.hex"
Finished building: DIO.hex
 
Invoking: Print Size
avr-size --format=avr --mcu=atmega32 DIO.elf
AVR Memory Usage
----------------
Device: atmega32

Program:   11982 bytes (36.6% Full)
(.text + .data + .bootloader)

Data:         57 bytes (2.8% Full)
(.data + .bss + .noinit)


Finished building: sizedummy
 

20:05:54 Build Finished (took 674ms)

