01:50:47 **** Incremental Build of configuration Debug for project PingPongAssignemt ****
make all 
Building file: ../main.c
Invoking: AVR Compiler
avr-gcc -Wall -g2 -gstabs -O0 -fpack-struct -fshort-enums -ffunction-sections -fdata-sections -std=gnu99 -funsigned-char -funsigned-bitfields -mmcu=atmega32 -DF_CPU=16000000UL -MMD -MP -MF"main.d" -MT"main.o" -c -o "main.o" "../main.c"
In file included from ../main.c:1:
c:/users/abdo/downloads/drive-download-20210929t192809z-001/sdk_win_64/sdk_win_64/sdk_win_64/winavr/lib/gcc/../../avr/include/util/delay.h:90:3: warning: #warning "Compiler optimizations disabled; functions from <util/delay.h> won't work as designed"
In file included from ../main.c:7:
../ERR_TYPE.h:4:1: warning: "NULL" redefined
In file included from c:/users/abdo/downloads/drive-download-20210929t192809z-001/sdk_win_64/sdk_win_64/sdk_win_64/winavr/lib/gcc/../../avr/include/stdlib.h:47,
                 from ../main.c:2:
c:\users\abdo\downloads\drive-download-20210929t192809z-001\sdk_win_64\sdk_win_64\sdk_win_64\winavr\bin\../lib/gcc/avr/4.3.3/include/stddef.h:403:1: warning: this is the location of the previous definition
../main.c: In function 'MAIN_voidMoveBall':
../main.c:119: warning: statement with no effect
../main.c: At top level:
../main.c:127: warning: return type of 'main' is not 'int'
Finished building: ../main.c
 
Building target: PingPongAssignemt.elf
Invoking: AVR C Linker
avr-gcc -Wl,-Map,PingPongAssignemt.map -mmcu=atmega32 -o "PingPongAssignemt.elf"  ./CLCD_prog.o ./DIO_prog.o ./EXTI_prog.o ./GIE_prog.o ./PORT_prog.o ./Switch_prog.o ./main.o   
Finished building target: PingPongAssignemt.elf
 
Invoking: AVR Create Extended Listing
avr-objdump -h -S PingPongAssignemt.elf  >"PingPongAssignemt.lss"
Finished building: PingPongAssignemt.lss
 
Create Flash image (ihex format)
avr-objcopy -R .eeprom -R .fuse -R .lock -R .signature -O ihex PingPongAssignemt.elf  "PingPongAssignemt.hex"
Finished building: PingPongAssignemt.hex
 
Invoking: Print Size
avr-size --format=avr --mcu=atmega32 PingPongAssignemt.elf
AVR Memory Usage
----------------
Device: atmega32

Program:   11428 bytes (34.9% Full)
(.text + .data + .bootloader)

Data:         63 bytes (3.1% Full)
(.data + .bss + .noinit)


Finished building: sizedummy
 

01:50:47 Build Finished (took 466ms)

